<?xml version="1.0" encoding="UTF-8"?>
<!-- Generated by org.testng.reporters.JUnitXMLReporter -->
<testsuite ignored="5" hostname="MacBook-Pro-de-Jose.local" failures="0" tests="1" name="Default test" time="46.657" errors="0" timestamp="2022-03-17T19:00:26 CST">
  <testcase classname="exercise4.Exercise4" name="tc_REQ011_001" time="33.574"/>
  <testcase classname="exercise4.Exercise4" name="tc_REQ007_001" time="0.0">
    <ignored/>
  </testcase> <!-- tc_REQ007_001 -->
  <testcase classname="exercise4.Exercise4" name="tc_REQ010_001" time="0.0">
    <ignored/>
  </testcase> <!-- tc_REQ010_001 -->
  <testcase classname="exercise4.Exercise4" name="tc_REQ007_003" time="0.0">
    <ignored/>
  </testcase> <!-- tc_REQ007_003 -->
  <testcase classname="exercise4.Exercise4" name="tc_REQ007_002" time="0.0">
    <ignored/>
  </testcase> <!-- tc_REQ007_002 -->
  <testcase classname="exercise4.Exercise4" name="tc_REQ005_001" time="0.0">
    <ignored/>
  </testcase> <!-- tc_REQ005_001 -->
</testsuite> <!-- Default test -->
