<?xml version="1.0" encoding="UTF-8"?>
<testng-results ignored="0" total="1" passed="1" failed="0" skipped="0">
  <reporter-output>
  </reporter-output>
  <suite started-at="2022-03-13T18:48:56 CST" name="Default suite" finished-at="2022-03-13T18:49:21 CST" duration-ms="25511">
    <groups>
    </groups>
    <test started-at="2022-03-13T18:48:56 CST" name="Default test" finished-at="2022-03-13T18:49:21 CST" duration-ms="25511">
      <class name="exercise3.Exercise3">
        <test-method is-config="true" signature="setUp()[pri:0, instance:exercise3.Exercise3@614ca7df]" started-at="2022-03-13T18:48:56 CST" name="setUp" finished-at="2022-03-13T18:49:11 CST" duration-ms="15351" status="PASS">
          <reporter-output>
          </reporter-output>
        </test-method> <!-- setUp -->
        <test-method signature="flightTest()[pri:0, instance:exercise3.Exercise3@614ca7df]" started-at="2022-03-13T18:49:11 CST" name="flightTest" finished-at="2022-03-13T18:49:16 CST" duration-ms="5002" status="PASS">
          <reporter-output>
          </reporter-output>
        </test-method> <!-- flightTest -->
        <test-method is-config="true" signature="turnOff()[pri:0, instance:exercise3.Exercise3@614ca7df]" started-at="2022-03-13T18:49:16 CST" name="turnOff" finished-at="2022-03-13T18:49:21 CST" duration-ms="5116" status="PASS">
          <reporter-output>
          </reporter-output>
        </test-method> <!-- turnOff -->
      </class> <!-- exercise3.Exercise3 -->
    </test> <!-- Default test -->
  </suite> <!-- Default suite -->
</testng-results>
