<?xml version="1.0" encoding="UTF-8"?>
<testng-results ignored="11" total="12" passed="1" failed="0" skipped="0">
  <reporter-output>
  </reporter-output>
  <suite started-at="2022-03-13T05:28:12 CST" name="Default suite" finished-at="2022-03-13T05:28:39 CST" duration-ms="27301">
    <groups>
    </groups>
    <test started-at="2022-03-13T05:28:12 CST" name="Default test" finished-at="2022-03-13T05:28:39 CST" duration-ms="27301">
      <class name="exercise2.exercise2">
        <test-method is-config="true" signature="setUp()[pri:0, instance:exercise2.exercise2@5d7148e2]" started-at="2022-03-13T05:28:12 CST" name="setUp" finished-at="2022-03-13T05:28:34 CST" duration-ms="22067" status="PASS">
          <reporter-output>
          </reporter-output>
        </test-method> <!-- setUp -->
        <test-method signature="iframeTest()[pri:0, instance:exercise2.exercise2@5d7148e2]" started-at="2022-03-13T05:28:34 CST" name="iframeTest" finished-at="2022-03-13T05:28:34 CST" duration-ms="82" status="PASS">
          <reporter-output>
          </reporter-output>
        </test-method> <!-- iframeTest -->
        <test-method is-config="true" signature="turnOff()[pri:0, instance:exercise2.exercise2@5d7148e2]" started-at="2022-03-13T05:28:34 CST" name="turnOff" finished-at="2022-03-13T05:28:39 CST" duration-ms="5119" status="PASS">
          <reporter-output>
          </reporter-output>
        </test-method> <!-- turnOff -->
      </class> <!-- exercise2.exercise2 -->
    </test> <!-- Default test -->
  </suite> <!-- Default suite -->
</testng-results>
